<?xml version="1.0" encoding="UTF-8"?>
<!-- Generated by org.testng.reporters.JUnitReportReporter -->
<testsuite hostname="CO2858" failures="0" tests="1" name="screenapi.GET_ScreenLicence" time="2.095" errors="0" timestamp="2021-06-28T21:29:08 IST" skipped="0">
  <testcase classname="screenapi.GET_ScreenLicence" name="getScreenLicence" time="2.095"/>
  <system-out/>
</testsuite> <!-- screenapi.GET_ScreenLicence -->
