<?xml version="1.0" encoding="UTF-8"?>
<!-- Generated by org.testng.reporters.JUnitReportReporter -->
<testsuite hostname="Dhruvs-Mac-mini.local" failures="0" tests="1" name="screenapi.TC03_Box1_AdRefreshValidation" time="37.677" errors="0" timestamp="2021-08-28T10:05:39 IST" skipped="0">
  <testcase classname="screenapi.TC03_Box1_AdRefreshValidation" name="adrefreshValidation_BOX1" time="37.677"/>
  <system-out/>
</testsuite> <!-- screenapi.TC03_Box1_AdRefreshValidation -->
