<?xml version="1.0" encoding="UTF-8"?>
<!-- Generated by org.testng.reporters.JUnitReportReporter -->
<testsuite hostname="CO2858" failures="0" tests="2" name="screenapi.GET_PortalPIN1" time="6.486" errors="0" timestamp="2021-06-22T22:48:48 IST" skipped="0">
  <testcase classname="screenapi.GET_PortalPIN1" name="getPortalPin" time="5.250"/>
  <system-out/>
  <testcase classname="screenapi.GET_PortalPIN1" name="getScreengeneratePIN2" time="1.236"/>
  <system-out/>
</testsuite> <!-- screenapi.GET_PortalPIN1 -->
