<?xml version="1.0" encoding="UTF-8"?>
<!-- Generated by org.testng.reporters.JUnitReportReporter -->
<testsuite hostname="CO2858" failures="0" tests="1" name="screenapi.GET_SoftwareUpdate" time="4.003" errors="0" timestamp="2021-06-27T22:03:06 IST" skipped="0">
  <testcase classname="screenapi.GET_SoftwareUpdate" name="getSoftwareUpdate" time="4.003"/>
  <system-out/>
</testsuite> <!-- screenapi.GET_SoftwareUpdate -->
