<?xml version="1.0" encoding="UTF-8"?>
<!-- Generated by org.testng.reporters.JUnitReportReporter -->
<testsuite hostname="CO2858" failures="0" tests="2" name="screenapi.GET_PortalPIN1_PIN2" time="13.755" errors="0" timestamp="2021-06-28T21:29:08 IST" skipped="0">
  <testcase classname="screenapi.GET_PortalPIN1_PIN2" name="getPortalPin" time="11.019"/>
  <system-out/>
  <testcase classname="screenapi.GET_PortalPIN1_PIN2" name="getScreengeneratePIN2" time="2.736"/>
  <system-out/>
</testsuite> <!-- screenapi.GET_PortalPIN1_PIN2 -->
