<?xml version="1.0" encoding="UTF-8"?>
<!-- Generated by org.testng.reporters.JUnitReportReporter -->
<testsuite hostname="Dhruvs-Mac-mini.local" failures="0" tests="1" name="screenapi.TC02_Box2_30sec_display" time="0.575" errors="0" timestamp="2021-08-27T20:18:16 IST" skipped="0">
  <testcase classname="screenapi.TC02_Box2_30sec_display" name="box2_validation" time="0.575"/>
  <system-out/>
</testsuite> <!-- screenapi.TC02_Box2_30sec_display -->
