<?xml version="1.0" encoding="UTF-8"?>
<!-- Generated by org.testng.reporters.JUnitReportReporter -->
<testsuite hostname="Dhruvs-Mac-mini.local" failures="0" tests="1" name="screenapi.TC04_Box2_AdRefreshValidation2" time="40.695" errors="0" timestamp="2021-08-27T22:48:45 IST" skipped="0">
  <testcase classname="screenapi.TC04_Box2_AdRefreshValidation2" name="adrefreshValidation_BOX1" time="40.695"/>
  <system-out/>
</testsuite> <!-- screenapi.TC04_Box2_AdRefreshValidation2 -->
