<?xml version="1.0" encoding="UTF-8"?>
<!-- Generated by org.testng.reporters.JUnitReportReporter -->
<testsuite hostname="CO2858" failures="0" tests="1" name="screenapi.POST_AccessToken" time="3.396" errors="0" timestamp="2021-06-27T08:54:45 IST" skipped="0">
  <testcase classname="screenapi.POST_AccessToken" name="postAccessToken" time="3.396"/>
  <system-out/>
</testsuite> <!-- screenapi.POST_AccessToken -->
