<?xml version="1.0" encoding="UTF-8"?>
<!-- Generated by org.testng.reporters.JUnitReportReporter -->
<testsuite hostname="CO2858" failures="0" tests="1" name="screenapi.GET_ScreenRegions" time="1.688" errors="0" timestamp="2021-06-27T08:54:45 IST" skipped="0">
  <testcase classname="screenapi.GET_ScreenRegions" name="getScreenRegions" time="1.688"/>
  <system-out/>
</testsuite> <!-- screenapi.GET_ScreenRegions -->
